<?xml version="1.0" encoding="UTF-8"?>
<!-- Generated by org.testng.reporters.JUnitReportReporter -->
<testsuite name="com.ivymobility.testcases.Loginintobranch" tests="1" time="3.593" ignored="0" failures="0" timestamp="02 Dec 2019 17:37:23 GMT" skipped="0" hostname="LT-1305" errors="0">
  <testcase name="branchLogin" time="3.593" classname="com.ivymobility.testcases.Loginintobranch"/>
</testsuite> <!-- com.ivymobility.testcases.Loginintobranch -->
